[debug] [2018-07-06T11:15:29.122Z] ----------------------------------------------------------------------
[debug] [2018-07-06T11:15:29.124Z] Command:       /usr/local/bin/node /usr/local/bin/firebase serve
[debug] [2018-07-06T11:15:29.124Z] CLI Version:   3.19.0
[debug] [2018-07-06T11:15:29.124Z] Platform:      darwin
[debug] [2018-07-06T11:15:29.124Z] Node Version:  v8.10.0
[debug] [2018-07-06T11:15:29.125Z] Time:          Fri Jul 06 2018 14:15:29 GMT+0300 (EAT)
[debug] [2018-07-06T11:15:29.125Z] ----------------------------------------------------------------------
[debug] 
[debug] [2018-07-06T11:15:29.132Z] > command requires scopes: ["email","openid","https://www.googleapis.com/auth/cloudplatformprojects.readonly","https://www.googleapis.com/auth/firebase","https://www.googleapis.com/auth/cloud-platform"]
[debug] [2018-07-06T11:15:29.132Z] > authorizing via signed-in user
[debug] [2018-07-06T11:15:29.133Z] >>> HTTP REQUEST GET https://admin.firebase.com/v1/projects/gorilla-app-41193  
  
 Fri Jul 06 2018 14:15:29 GMT+0300 (EAT)
[debug] [2018-07-06T11:15:30.429Z] <<< HTTP RESPONSE 200
[debug] [2018-07-06T11:15:30.430Z] >>> HTTP REQUEST GET https://admin.firebase.com/v1/database/gorilla-app-41193/tokens  
  
 Fri Jul 06 2018 14:15:30 GMT+0300 (EAT)
[debug] [2018-07-06T11:15:31.380Z] <<< HTTP RESPONSE 200
[debug] [2018-07-06T11:15:31.385Z] >>> HTTP REQUEST GET https://cloudresourcemanager.googleapis.com/v1/projects/gorilla-app-41193  
  
 Fri Jul 06 2018 14:15:31 GMT+0300 (EAT)
[debug] [2018-07-06T11:15:33.221Z] <<< HTTP RESPONSE 200
[info] 
[info] === Serving from '/Users/power/powem/code/Duber'...
[info] 
[info] i  functions: Preparing to emulate functions.
[debug] [2018-07-06T11:15:33.671Z] Fetching environment
[debug] [2018-07-06T11:15:33.672Z] >>> HTTP REQUEST GET https://mobilesdk-pa.googleapis.com/v1/projects/235253879805:getServerAppConfig  
  
 Fri Jul 06 2018 14:15:33 GMT+0300 (EAT)
[debug] [2018-07-06T11:15:33.673Z] >>> HTTP REQUEST GET https://mobilesdk-pa.googleapis.com/v1/projects/235253879805/clients/_:getWebAppConfig  
  
 Fri Jul 06 2018 14:15:33 GMT+0300 (EAT)
[debug] [2018-07-06T11:15:34.366Z] <<< HTTP RESPONSE 200
[debug] [2018-07-06T11:15:34.376Z] <<< HTTP RESPONSE 200
[debug] [2018-07-06T11:15:34.377Z] Starting @google-cloud/functions-emulator
[warn] ⚠  hosting: Port 5000 is not available. Trying another port...
[debug] [2018-07-06T11:15:34.404Z] >>> HTTP REQUEST GET https://mobilesdk-pa.googleapis.com/v1/projects/235253879805/clients/_:getWebAppConfig  
  
 Fri Jul 06 2018 14:15:34 GMT+0300 (EAT)
[debug] [2018-07-06T11:15:34.907Z] <<< HTTP RESPONSE 200
[info] i  hosting: Serving hosting files from: public
[info] ✔  hosting: Local server: http://localhost:5004

[debug] [2018-07-06T11:15:35.437Z] Parsing function triggers
[info] ✔  functions: app: http://localhost:5001/gorilla-app-41193/us-central1/app
[info] [hosting] Rewriting / to local function app
[info] [hosting] Rewriting / to local function app
[info] [hosting] Rewriting / to local function app
[debug] [2018-07-06T11:18:56.888Z] ----------------------------------------------------------------------
[debug] [2018-07-06T11:18:56.890Z] Command:       /usr/local/bin/node /usr/local/bin/firebase serve
[debug] [2018-07-06T11:18:56.890Z] CLI Version:   3.19.0
[debug] [2018-07-06T11:18:56.890Z] Platform:      darwin
[debug] [2018-07-06T11:18:56.890Z] Node Version:  v8.10.0
[debug] [2018-07-06T11:18:56.891Z] Time:          Fri Jul 06 2018 14:18:56 GMT+0300 (EAT)
[debug] [2018-07-06T11:18:56.891Z] ----------------------------------------------------------------------
[debug] 
[debug] [2018-07-06T11:18:56.900Z] > command requires scopes: ["email","openid","https://www.googleapis.com/auth/cloudplatformprojects.readonly","https://www.googleapis.com/auth/firebase","https://www.googleapis.com/auth/cloud-platform"]
[debug] [2018-07-06T11:18:56.900Z] > authorizing via signed-in user
[debug] [2018-07-06T11:18:56.901Z] >>> HTTP REQUEST GET https://admin.firebase.com/v1/projects/gorilla-app-41193  
  
 Fri Jul 06 2018 14:18:56 GMT+0300 (EAT)
[debug] [2018-07-06T11:18:58.161Z] <<< HTTP RESPONSE 200
[debug] [2018-07-06T11:18:58.162Z] >>> HTTP REQUEST GET https://admin.firebase.com/v1/database/gorilla-app-41193/tokens  
  
 Fri Jul 06 2018 14:18:58 GMT+0300 (EAT)
[debug] [2018-07-06T11:18:59.190Z] <<< HTTP RESPONSE 200
[debug] [2018-07-06T11:18:59.190Z] >>> HTTP REQUEST GET https://cloudresourcemanager.googleapis.com/v1/projects/gorilla-app-41193  
  
 Fri Jul 06 2018 14:18:59 GMT+0300 (EAT)
[debug] [2018-07-06T11:19:01.018Z] <<< HTTP RESPONSE 200
[info] 
[info] === Serving from '/Users/power/powem/code/Duber'...
[info] 
[info] i  functions: Preparing to emulate functions.
[debug] [2018-07-06T11:19:01.869Z] Fetching environment
[debug] [2018-07-06T11:19:01.871Z] >>> HTTP REQUEST GET https://mobilesdk-pa.googleapis.com/v1/projects/235253879805:getServerAppConfig  
  
 Fri Jul 06 2018 14:19:01 GMT+0300 (EAT)
[debug] [2018-07-06T11:19:01.871Z] >>> HTTP REQUEST GET https://mobilesdk-pa.googleapis.com/v1/projects/235253879805/clients/_:getWebAppConfig  
  
 Fri Jul 06 2018 14:19:01 GMT+0300 (EAT)
[debug] [2018-07-06T11:19:02.605Z] <<< HTTP RESPONSE 200
[info] i  hosting: Serving hosting files from: public
[info] ✔  hosting: Local server: http://localhost:5000

[debug] [2018-07-06T11:19:02.677Z] <<< HTTP RESPONSE 200
[debug] [2018-07-06T11:19:02.677Z] Starting @google-cloud/functions-emulator
[debug] [2018-07-06T11:19:04.238Z] Parsing function triggers
[info] ✔  functions: app: http://localhost:5001/gorilla-app-41193/us-central1/app
[info] [hosting] Rewriting / to local function app
[info] [hosting] Rewriting / to local function app
[info] [hosting] Rewriting /favicon.ico to local function app
[info] [hosting] Rewriting / to local function app
[info] [hosting] Rewriting /profile to local function app
[info] [hosting] Rewriting /profile to local function app
